app/build/intermediates/manifest_merge_blame_file/debug/processDebugMainManifest/manifest-merger-blame-debug-report.txt
1<?xml version="1.0" encoding="utf-8"?>
2<manifest xmlns:android="http://schemas.android.com/apk/res/android"
3    package="com.iie.st10320489.marene"
4    android:versionCode="1"
5    android:versionName="1.0" >
6
7    <uses-sdk
8        android:minSdkVersion="28"
9        android:targetSdkVersion="34" />
10
11    <uses-permission android:name="android.permission.READ_EXTERNAL_STORAGE" />
11-->src\main\AndroidManifest.xml:5:5-80
11-->src\main\AndroidManifest.xml:5:22-77
12    <uses-permission android:name="android.permission.WRITE_EXTERNAL_STORAGE" />
12-->src\main\AndroidManifest.xml:6:5-81
12-->src\main\AndroidManifest.xml:6:22-78
13    <uses-permission android:name="android.permission.INTERNET" />
13-->src\main\AndroidManifest.xml:7:5-66
13-->src\main\AndroidManifest.xml:7:22-64
14    <uses-permission android:name="android.permission.ACCESS_NETWORK_STATE" />
14-->[com.google.firebase:firebase-auth:23.2.1] AndroidManifest.xml:26:5-79
14-->[com.google.firebase:firebase-auth:23.2.1] AndroidManifest.xml:26:22-76
15    <uses-permission android:name="android.permission.WAKE_LOCK" />
15-->[com.google.android.gms:play-services-measurement-api:22.4.0] AndroidManifest.xml:24:5-68
15-->[com.google.android.gms:play-services-measurement-api:22.4.0] AndroidManifest.xml:24:22-65
16    <uses-permission android:name="com.google.android.gms.permission.AD_ID" />
16-->[com.google.android.gms:play-services-measurement-api:22.4.0] AndroidManifest.xml:25:5-79
16-->[com.google.android.gms:play-services-measurement-api:22.4.0] AndroidManifest.xml:25:22-76
17    <uses-permission android:name="android.permission.ACCESS_ADSERVICES_ATTRIBUTION" />
17-->[com.google.android.gms:play-services-measurement-api:22.4.0] AndroidManifest.xml:26:5-88
17-->[com.google.android.gms:play-services-measurement-api:22.4.0] AndroidManifest.xml:26:22-85
18    <uses-permission android:name="android.permission.ACCESS_ADSERVICES_AD_ID" />
18-->[com.google.android.gms:play-services-measurement-api:22.4.0] AndroidManifest.xml:27:5-82
18-->[com.google.android.gms:play-services-measurement-api:22.4.0] AndroidManifest.xml:27:22-79
19    <uses-permission android:name="com.google.android.finsky.permission.BIND_GET_INSTALL_REFERRER_SERVICE" />
19-->[com.google.android.gms:play-services-measurement:22.4.0] AndroidManifest.xml:26:5-110
19-->[com.google.android.gms:play-services-measurement:22.4.0] AndroidManifest.xml:26:22-107
20    <uses-permission android:name="com.google.android.providers.gsf.permission.READ_GSERVICES" />
20-->[com.google.android.recaptcha:recaptcha:18.6.1] AndroidManifest.xml:9:5-98
20-->[com.google.android.recaptcha:recaptcha:18.6.1] AndroidManifest.xml:9:22-95
21
22    <permission
22-->[androidx.core:core:1.15.0] AndroidManifest.xml:22:5-24:47
23        android:name="com.iie.st10320489.marene.DYNAMIC_RECEIVER_NOT_EXPORTED_PERMISSION"
23-->[androidx.core:core:1.15.0] AndroidManifest.xml:23:9-81
24        android:protectionLevel="signature" />
24-->[androidx.core:core:1.15.0] AndroidManifest.xml:24:9-44
25
26    <uses-permission android:name="com.iie.st10320489.marene.DYNAMIC_RECEIVER_NOT_EXPORTED_PERMISSION" />
26-->[androidx.core:core:1.15.0] AndroidManifest.xml:26:5-97
26-->[androidx.core:core:1.15.0] AndroidManifest.xml:26:22-94
27
28    <application
28-->src\main\AndroidManifest.xml:9:5-47:19
29        android:allowBackup="true"
29-->src\main\AndroidManifest.xml:10:9-35
30        android:appComponentFactory="androidx.core.app.CoreComponentFactory"
30-->[androidx.core:core:1.15.0] AndroidManifest.xml:28:18-86
31        android:dataExtractionRules="@xml/data_extraction_rules"
31-->src\main\AndroidManifest.xml:11:9-65
32        android:debuggable="true"
33        android:extractNativeLibs="false"
34        android:fullBackupContent="@xml/backup_rules"
34-->src\main\AndroidManifest.xml:12:9-54
35        android:icon="@mipmap/ic_launcher"
35-->src\main\AndroidManifest.xml:13:9-43
36        android:label="@string/app_name"
36-->src\main\AndroidManifest.xml:14:9-41
37        android:roundIcon="@mipmap/ic_launcher_round"
37-->src\main\AndroidManifest.xml:15:9-54
38        android:supportsRtl="true"
38-->src\main\AndroidManifest.xml:16:9-35
39        android:testOnly="true"
40        android:theme="@style/Theme.Marene" >
40-->src\main\AndroidManifest.xml:17:9-44
41        <activity
41-->src\main\AndroidManifest.xml:20:9-28:20
42            android:name="com.iie.st10320489.marene.MainActivity"
42-->src\main\AndroidManifest.xml:21:13-41
43            android:exported="true"
43-->src\main\AndroidManifest.xml:22:13-36
44            android:fitsSystemWindows="false"
44-->src\main\AndroidManifest.xml:26:13-46
45            android:label="@string/app_name"
45-->src\main\AndroidManifest.xml:27:13-45
46            android:statusBarColor="@android:color/transparent"
46-->src\main\AndroidManifest.xml:25:13-64
47            android:theme="@style/Theme.Marene"
47-->src\main\AndroidManifest.xml:23:13-48
48            android:windowSoftInputMode="adjustResize" >
48-->src\main\AndroidManifest.xml:24:13-55
49        </activity>
50
51        <!-- ONBOARDING -->
52        <activity android:name="com.iie.st10320489.marene.ui.onboarding.OnboardingActivity" />
52-->src\main\AndroidManifest.xml:31:9-70
52-->src\main\AndroidManifest.xml:31:19-67
53        <activity android:name="com.iie.st10320489.marene.ui.onboarding.OnboardingActivity2" />
53-->src\main\AndroidManifest.xml:32:9-71
53-->src\main\AndroidManifest.xml:32:19-68
54        <activity android:name="com.iie.st10320489.marene.ui.onboarding.BudgetSelectionActivity" />
54-->src\main\AndroidManifest.xml:33:9-75
54-->src\main\AndroidManifest.xml:33:19-72
55        <activity android:name="com.iie.st10320489.marene.ui.onboarding.SavingsGoalActivity" />
55-->src\main\AndroidManifest.xml:34:9-71
55-->src\main\AndroidManifest.xml:34:19-68
56        <activity android:name="com.iie.st10320489.marene.ui.onboarding.ChinchillaActivity" />
56-->src\main\AndroidManifest.xml:35:9-70
56-->src\main\AndroidManifest.xml:35:19-67
57        <activity android:name="com.iie.st10320489.marene.ui.onboarding.ChinchillaHatActivity" />
57-->src\main\AndroidManifest.xml:36:9-73
57-->src\main\AndroidManifest.xml:36:19-70
58
59        <!-- USERS REGISTER -->
60        <activity android:name="com.iie.st10320489.marene.SignupActivity" />
60-->src\main\AndroidManifest.xml:39:9-52
60-->src\main\AndroidManifest.xml:39:19-49
61        <activity
61-->src\main\AndroidManifest.xml:40:9-46:20
62            android:name="com.iie.st10320489.marene.LoginActivity"
62-->src\main\AndroidManifest.xml:40:20-49
63            android:exported="true" >
63-->src\main\AndroidManifest.xml:41:13-36
64            <intent-filter>
64-->src\main\AndroidManifest.xml:42:13-45:29
65                <action android:name="android.intent.action.MAIN" />
65-->src\main\AndroidManifest.xml:43:17-69
65-->src\main\AndroidManifest.xml:43:25-66
66
67                <category android:name="android.intent.category.LAUNCHER" />
67-->src\main\AndroidManifest.xml:44:17-77
67-->src\main\AndroidManifest.xml:44:27-74
68            </intent-filter>
69        </activity>
70
71        <provider
71-->[androidx.emoji2:emoji2:1.3.0] AndroidManifest.xml:24:9-32:20
72            android:name="androidx.startup.InitializationProvider"
72-->[androidx.emoji2:emoji2:1.3.0] AndroidManifest.xml:25:13-67
73            android:authorities="com.iie.st10320489.marene.androidx-startup"
73-->[androidx.emoji2:emoji2:1.3.0] AndroidManifest.xml:26:13-68
74            android:exported="false" >
74-->[androidx.emoji2:emoji2:1.3.0] AndroidManifest.xml:27:13-37
75            <meta-data
75-->[androidx.emoji2:emoji2:1.3.0] AndroidManifest.xml:29:13-31:52
76                android:name="androidx.emoji2.text.EmojiCompatInitializer"
76-->[androidx.emoji2:emoji2:1.3.0] AndroidManifest.xml:30:17-75
77                android:value="androidx.startup" />
77-->[androidx.emoji2:emoji2:1.3.0] AndroidManifest.xml:31:17-49
78            <meta-data
78-->[androidx.lifecycle:lifecycle-process:2.8.7] AndroidManifest.xml:29:13-31:52
79                android:name="androidx.lifecycle.ProcessLifecycleInitializer"
79-->[androidx.lifecycle:lifecycle-process:2.8.7] AndroidManifest.xml:30:17-78
80                android:value="androidx.startup" />
80-->[androidx.lifecycle:lifecycle-process:2.8.7] AndroidManifest.xml:31:17-49
81            <meta-data
81-->[androidx.profileinstaller:profileinstaller:1.4.0] AndroidManifest.xml:29:13-31:52
82                android:name="androidx.profileinstaller.ProfileInstallerInitializer"
82-->[androidx.profileinstaller:profileinstaller:1.4.0] AndroidManifest.xml:30:17-85
83                android:value="androidx.startup" />
83-->[androidx.profileinstaller:profileinstaller:1.4.0] AndroidManifest.xml:31:17-49
84        </provider>
85
86        <service
86-->[com.google.firebase:firebase-auth-ktx:23.2.1] AndroidManifest.xml:8:9-14:19
87            android:name="com.google.firebase.components.ComponentDiscoveryService"
87-->[com.google.firebase:firebase-auth-ktx:23.2.1] AndroidManifest.xml:9:13-84
88            android:directBootAware="true"
88-->[com.google.firebase:firebase-common:21.0.0] AndroidManifest.xml:32:13-43
89            android:exported="false" >
89-->[com.google.firebase:firebase-auth-ktx:23.2.1] AndroidManifest.xml:10:13-37
90            <meta-data
90-->[com.google.firebase:firebase-auth-ktx:23.2.1] AndroidManifest.xml:11:13-13:85
91                android:name="com.google.firebase.components:com.google.firebase.auth.ktx.FirebaseAuthLegacyRegistrar"
91-->[com.google.firebase:firebase-auth-ktx:23.2.1] AndroidManifest.xml:12:17-119
92                android:value="com.google.firebase.components.ComponentRegistrar" />
92-->[com.google.firebase:firebase-auth-ktx:23.2.1] AndroidManifest.xml:13:17-82
93            <meta-data
93-->[com.google.firebase:firebase-auth:23.2.1] AndroidManifest.xml:69:13-71:85
94                android:name="com.google.firebase.components:com.google.firebase.auth.FirebaseAuthRegistrar"
94-->[com.google.firebase:firebase-auth:23.2.1] AndroidManifest.xml:70:17-109
95                android:value="com.google.firebase.components.ComponentRegistrar" />
95-->[com.google.firebase:firebase-auth:23.2.1] AndroidManifest.xml:71:17-82
96            <meta-data
96-->[com.google.firebase:firebase-firestore-ktx:25.1.4] AndroidManifest.xml:12:13-14:85
97                android:name="com.google.firebase.components:com.google.firebase.firestore.ktx.FirebaseFirestoreLegacyRegistrar"
97-->[com.google.firebase:firebase-firestore-ktx:25.1.4] AndroidManifest.xml:13:17-129
98                android:value="com.google.firebase.components.ComponentRegistrar" />
98-->[com.google.firebase:firebase-firestore-ktx:25.1.4] AndroidManifest.xml:14:17-82
99            <meta-data
99-->[com.google.firebase:firebase-firestore:25.1.4] AndroidManifest.xml:17:13-19:85
100                android:name="com.google.firebase.components:com.google.firebase.firestore.FirebaseFirestoreKtxRegistrar"
100-->[com.google.firebase:firebase-firestore:25.1.4] AndroidManifest.xml:18:17-122
101                android:value="com.google.firebase.components.ComponentRegistrar" />
101-->[com.google.firebase:firebase-firestore:25.1.4] AndroidManifest.xml:19:17-82
102            <meta-data
102-->[com.google.firebase:firebase-firestore:25.1.4] AndroidManifest.xml:20:13-22:85
103                android:name="com.google.firebase.components:com.google.firebase.firestore.FirestoreRegistrar"
103-->[com.google.firebase:firebase-firestore:25.1.4] AndroidManifest.xml:21:17-111
104                android:value="com.google.firebase.components.ComponentRegistrar" />
104-->[com.google.firebase:firebase-firestore:25.1.4] AndroidManifest.xml:22:17-82
105            <meta-data
105-->[com.google.firebase:firebase-storage-ktx:21.0.2] AndroidManifest.xml:12:13-14:85
106                android:name="com.google.firebase.components:com.google.firebase.storage.ktx.FirebaseStorageLegacyRegistrar"
106-->[com.google.firebase:firebase-storage-ktx:21.0.2] AndroidManifest.xml:13:17-125
107                android:value="com.google.firebase.components.ComponentRegistrar" />
107-->[com.google.firebase:firebase-storage-ktx:21.0.2] AndroidManifest.xml:14:17-82
108            <meta-data
108-->[com.google.firebase:firebase-database-ktx:21.0.0] AndroidManifest.xml:12:13-14:85
109                android:name="com.google.firebase.components:com.google.firebase.database.ktx.FirebaseDatabaseLegacyRegistrar"
109-->[com.google.firebase:firebase-database-ktx:21.0.0] AndroidManifest.xml:13:17-127
110                android:value="com.google.firebase.components.ComponentRegistrar" />
110-->[com.google.firebase:firebase-database-ktx:21.0.0] AndroidManifest.xml:14:17-82
111            <meta-data
111-->[com.google.firebase:firebase-storage:21.0.2] AndroidManifest.xml:30:13-32:85
112                android:name="com.google.firebase.components:com.google.firebase.storage.FirebaseStorageKtxRegistrar"
112-->[com.google.firebase:firebase-storage:21.0.2] AndroidManifest.xml:31:17-118
113                android:value="com.google.firebase.components.ComponentRegistrar" />
113-->[com.google.firebase:firebase-storage:21.0.2] AndroidManifest.xml:32:17-82
114            <meta-data
114-->[com.google.firebase:firebase-storage:21.0.2] AndroidManifest.xml:33:13-35:85
115                android:name="com.google.firebase.components:com.google.firebase.storage.StorageRegistrar"
115-->[com.google.firebase:firebase-storage:21.0.2] AndroidManifest.xml:34:17-107
116                android:value="com.google.firebase.components.ComponentRegistrar" />
116-->[com.google.firebase:firebase-storage:21.0.2] AndroidManifest.xml:35:17-82
117            <meta-data
117-->[com.google.firebase:firebase-database:21.0.0] AndroidManifest.xml:29:13-31:85
118                android:name="com.google.firebase.components:com.google.firebase.database.FirebaseDatabaseKtxRegistrar"
118-->[com.google.firebase:firebase-database:21.0.0] AndroidManifest.xml:30:17-120
119                android:value="com.google.firebase.components.ComponentRegistrar" />
119-->[com.google.firebase:firebase-database:21.0.0] AndroidManifest.xml:31:17-82
120            <meta-data
120-->[com.google.firebase:firebase-database:21.0.0] AndroidManifest.xml:32:13-34:85
121                android:name="com.google.firebase.components:com.google.firebase.database.DatabaseRegistrar"
121-->[com.google.firebase:firebase-database:21.0.0] AndroidManifest.xml:33:17-109
122                android:value="com.google.firebase.components.ComponentRegistrar" />
122-->[com.google.firebase:firebase-database:21.0.0] AndroidManifest.xml:34:17-82
123            <meta-data
123-->[com.google.android.gms:play-services-measurement-api:22.4.0] AndroidManifest.xml:33:13-35:85
124                android:name="com.google.firebase.components:com.google.firebase.analytics.connector.internal.AnalyticsConnectorRegistrar"
124-->[com.google.android.gms:play-services-measurement-api:22.4.0] AndroidManifest.xml:34:17-139
125                android:value="com.google.firebase.components.ComponentRegistrar" />
125-->[com.google.android.gms:play-services-measurement-api:22.4.0] AndroidManifest.xml:35:17-82
126            <meta-data
126-->[com.google.firebase:firebase-appcheck:18.0.0] AndroidManifest.xml:25:13-27:85
127                android:name="com.google.firebase.components:com.google.firebase.appcheck.FirebaseAppCheckKtxRegistrar"
127-->[com.google.firebase:firebase-appcheck:18.0.0] AndroidManifest.xml:26:17-120
128                android:value="com.google.firebase.components.ComponentRegistrar" />
128-->[com.google.firebase:firebase-appcheck:18.0.0] AndroidManifest.xml:27:17-82
129            <meta-data
129-->[com.google.firebase:firebase-appcheck:18.0.0] AndroidManifest.xml:28:13-30:85
130                android:name="com.google.firebase.components:com.google.firebase.appcheck.FirebaseAppCheckRegistrar"
130-->[com.google.firebase:firebase-appcheck:18.0.0] AndroidManifest.xml:29:17-117
131                android:value="com.google.firebase.components.ComponentRegistrar" />
131-->[com.google.firebase:firebase-appcheck:18.0.0] AndroidManifest.xml:30:17-82
132            <meta-data
132-->[com.google.firebase:firebase-installations:18.0.0] AndroidManifest.xml:15:13-17:85
133                android:name="com.google.firebase.components:com.google.firebase.installations.FirebaseInstallationsKtxRegistrar"
133-->[com.google.firebase:firebase-installations:18.0.0] AndroidManifest.xml:16:17-130
134                android:value="com.google.firebase.components.ComponentRegistrar" />
134-->[com.google.firebase:firebase-installations:18.0.0] AndroidManifest.xml:17:17-82
135            <meta-data
135-->[com.google.firebase:firebase-installations:18.0.0] AndroidManifest.xml:18:13-20:85
136                android:name="com.google.firebase.components:com.google.firebase.installations.FirebaseInstallationsRegistrar"
136-->[com.google.firebase:firebase-installations:18.0.0] AndroidManifest.xml:19:17-127
137                android:value="com.google.firebase.components.ComponentRegistrar" />
137-->[com.google.firebase:firebase-installations:18.0.0] AndroidManifest.xml:20:17-82
138            <meta-data
138-->[com.google.firebase:firebase-common-ktx:21.0.0] AndroidManifest.xml:12:13-14:85
139                android:name="com.google.firebase.components:com.google.firebase.ktx.FirebaseCommonLegacyRegistrar"
139-->[com.google.firebase:firebase-common-ktx:21.0.0] AndroidManifest.xml:13:17-116
140                android:value="com.google.firebase.components.ComponentRegistrar" />
140-->[com.google.firebase:firebase-common-ktx:21.0.0] AndroidManifest.xml:14:17-82
141            <meta-data
141-->[com.google.firebase:firebase-common:21.0.0] AndroidManifest.xml:35:13-37:85
142                android:name="com.google.firebase.components:com.google.firebase.FirebaseCommonKtxRegistrar"
142-->[com.google.firebase:firebase-common:21.0.0] AndroidManifest.xml:36:17-109
143                android:value="com.google.firebase.components.ComponentRegistrar" />
143-->[com.google.firebase:firebase-common:21.0.0] AndroidManifest.xml:37:17-82
144        </service>
145
146        <activity
146-->[com.google.firebase:firebase-auth:23.2.1] AndroidManifest.xml:29:9-46:20
147            android:name="com.google.firebase.auth.internal.GenericIdpActivity"
147-->[com.google.firebase:firebase-auth:23.2.1] AndroidManifest.xml:30:13-80
148            android:excludeFromRecents="true"
148-->[com.google.firebase:firebase-auth:23.2.1] AndroidManifest.xml:31:13-46
149            android:exported="true"
149-->[com.google.firebase:firebase-auth:23.2.1] AndroidManifest.xml:32:13-36
150            android:launchMode="singleTask"
150-->[com.google.firebase:firebase-auth:23.2.1] AndroidManifest.xml:33:13-44
151            android:theme="@android:style/Theme.Translucent.NoTitleBar" >
151-->[com.google.firebase:firebase-auth:23.2.1] AndroidManifest.xml:34:13-72
152            <intent-filter>
152-->[com.google.firebase:firebase-auth:23.2.1] AndroidManifest.xml:35:13-45:29
153                <action android:name="android.intent.action.VIEW" />
153-->[com.google.firebase:firebase-auth:23.2.1] AndroidManifest.xml:36:17-69
153-->[com.google.firebase:firebase-auth:23.2.1] AndroidManifest.xml:36:25-66
154
155                <category android:name="android.intent.category.DEFAULT" />
155-->[com.google.firebase:firebase-auth:23.2.1] AndroidManifest.xml:38:17-76
155-->[com.google.firebase:firebase-auth:23.2.1] AndroidManifest.xml:38:27-73
156                <category android:name="android.intent.category.BROWSABLE" />
156-->[com.google.firebase:firebase-auth:23.2.1] AndroidManifest.xml:39:17-78
156-->[com.google.firebase:firebase-auth:23.2.1] AndroidManifest.xml:39:27-75
157
158                <data
158-->[com.google.firebase:firebase-auth:23.2.1] AndroidManifest.xml:41:17-44:51
159                    android:host="firebase.auth"
159-->[com.google.firebase:firebase-auth:23.2.1] AndroidManifest.xml:42:21-49
160                    android:path="/"
160-->[com.google.firebase:firebase-auth:23.2.1] AndroidManifest.xml:43:21-37
161                    android:scheme="genericidp" />
161-->[com.google.firebase:firebase-auth:23.2.1] AndroidManifest.xml:44:21-48
162            </intent-filter>
163        </activity>
164        <activity
164-->[com.google.firebase:firebase-auth:23.2.1] AndroidManifest.xml:47:9-64:20
165            android:name="com.google.firebase.auth.internal.RecaptchaActivity"
165-->[com.google.firebase:firebase-auth:23.2.1] AndroidManifest.xml:48:13-79
166            android:excludeFromRecents="true"
166-->[com.google.firebase:firebase-auth:23.2.1] AndroidManifest.xml:49:13-46
167            android:exported="true"
167-->[com.google.firebase:firebase-auth:23.2.1] AndroidManifest.xml:50:13-36
168            android:launchMode="singleTask"
168-->[com.google.firebase:firebase-auth:23.2.1] AndroidManifest.xml:51:13-44
169            android:theme="@android:style/Theme.Translucent.NoTitleBar" >
169-->[com.google.firebase:firebase-auth:23.2.1] AndroidManifest.xml:52:13-72
170            <intent-filter>
170-->[com.google.firebase:firebase-auth:23.2.1] AndroidManifest.xml:53:13-63:29
171                <action android:name="android.intent.action.VIEW" />
171-->[com.google.firebase:firebase-auth:23.2.1] AndroidManifest.xml:36:17-69
171-->[com.google.firebase:firebase-auth:23.2.1] AndroidManifest.xml:36:25-66
172
173                <category android:name="android.intent.category.DEFAULT" />
173-->[com.google.firebase:firebase-auth:23.2.1] AndroidManifest.xml:38:17-76
173-->[com.google.firebase:firebase-auth:23.2.1] AndroidManifest.xml:38:27-73
174                <category android:name="android.intent.category.BROWSABLE" />
174-->[com.google.firebase:firebase-auth:23.2.1] AndroidManifest.xml:39:17-78
174-->[com.google.firebase:firebase-auth:23.2.1] AndroidManifest.xml:39:27-75
175
176                <data
176-->[com.google.firebase:firebase-auth:23.2.1] AndroidManifest.xml:41:17-44:51
177                    android:host="firebase.auth"
177-->[com.google.firebase:firebase-auth:23.2.1] AndroidManifest.xml:42:21-49
178                    android:path="/"
178-->[com.google.firebase:firebase-auth:23.2.1] AndroidManifest.xml:43:21-37
179                    android:scheme="recaptcha" />
179-->[com.google.firebase:firebase-auth:23.2.1] AndroidManifest.xml:44:21-48
180            </intent-filter>
181        </activity>
182
183        <provider
183-->[com.google.firebase:firebase-common:21.0.0] AndroidManifest.xml:23:9-28:39
184            android:name="com.google.firebase.provider.FirebaseInitProvider"
184-->[com.google.firebase:firebase-common:21.0.0] AndroidManifest.xml:24:13-77
185            android:authorities="com.iie.st10320489.marene.firebaseinitprovider"
185-->[com.google.firebase:firebase-common:21.0.0] AndroidManifest.xml:25:13-72
186            android:directBootAware="true"
186-->[com.google.firebase:firebase-common:21.0.0] AndroidManifest.xml:26:13-43
187            android:exported="false"
187-->[com.google.firebase:firebase-common:21.0.0] AndroidManifest.xml:27:13-37
188            android:initOrder="100" />
188-->[com.google.firebase:firebase-common:21.0.0] AndroidManifest.xml:28:13-36
189
190        <receiver
190-->[com.google.android.gms:play-services-measurement:22.4.0] AndroidManifest.xml:29:9-33:20
191            android:name="com.google.android.gms.measurement.AppMeasurementReceiver"
191-->[com.google.android.gms:play-services-measurement:22.4.0] AndroidManifest.xml:30:13-85
192            android:enabled="true"
192-->[com.google.android.gms:play-services-measurement:22.4.0] AndroidManifest.xml:31:13-35
193            android:exported="false" >
193-->[com.google.android.gms:play-services-measurement:22.4.0] AndroidManifest.xml:32:13-37
194        </receiver>
195
196        <service
196-->[com.google.android.gms:play-services-measurement:22.4.0] AndroidManifest.xml:35:9-38:40
197            android:name="com.google.android.gms.measurement.AppMeasurementService"
197-->[com.google.android.gms:play-services-measurement:22.4.0] AndroidManifest.xml:36:13-84
198            android:enabled="true"
198-->[com.google.android.gms:play-services-measurement:22.4.0] AndroidManifest.xml:37:13-35
199            android:exported="false" />
199-->[com.google.android.gms:play-services-measurement:22.4.0] AndroidManifest.xml:38:13-37
200        <service
200-->[com.google.android.gms:play-services-measurement:22.4.0] AndroidManifest.xml:39:9-43:72
201            android:name="com.google.android.gms.measurement.AppMeasurementJobService"
201-->[com.google.android.gms:play-services-measurement:22.4.0] AndroidManifest.xml:40:13-87
202            android:enabled="true"
202-->[com.google.android.gms:play-services-measurement:22.4.0] AndroidManifest.xml:41:13-35
203            android:exported="false"
203-->[com.google.android.gms:play-services-measurement:22.4.0] AndroidManifest.xml:42:13-37
204            android:permission="android.permission.BIND_JOB_SERVICE" />
204-->[com.google.android.gms:play-services-measurement:22.4.0] AndroidManifest.xml:43:13-69
205        <service
205-->[androidx.credentials:credentials-play-services-auth:1.2.0-rc01] AndroidManifest.xml:24:9-32:19
206            android:name="androidx.credentials.playservices.CredentialProviderMetadataHolder"
206-->[androidx.credentials:credentials-play-services-auth:1.2.0-rc01] AndroidManifest.xml:25:13-94
207            android:enabled="true"
207-->[androidx.credentials:credentials-play-services-auth:1.2.0-rc01] AndroidManifest.xml:26:13-35
208            android:exported="false" >
208-->[androidx.credentials:credentials-play-services-auth:1.2.0-rc01] AndroidManifest.xml:27:13-37
209            <meta-data
209-->[androidx.credentials:credentials-play-services-auth:1.2.0-rc01] AndroidManifest.xml:29:13-31:104
210                android:name="androidx.credentials.CREDENTIAL_PROVIDER_KEY"
210-->[androidx.credentials:credentials-play-services-auth:1.2.0-rc01] AndroidManifest.xml:30:17-76
211                android:value="androidx.credentials.playservices.CredentialProviderPlayServicesImpl" />
211-->[androidx.credentials:credentials-play-services-auth:1.2.0-rc01] AndroidManifest.xml:31:17-101
212        </service>
213
214        <activity
214-->[androidx.credentials:credentials-play-services-auth:1.2.0-rc01] AndroidManifest.xml:34:9-41:20
215            android:name="androidx.credentials.playservices.HiddenActivity"
215-->[androidx.credentials:credentials-play-services-auth:1.2.0-rc01] AndroidManifest.xml:35:13-76
216            android:configChanges="orientation|screenSize|screenLayout|keyboardHidden"
216-->[androidx.credentials:credentials-play-services-auth:1.2.0-rc01] AndroidManifest.xml:36:13-87
217            android:enabled="true"
217-->[androidx.credentials:credentials-play-services-auth:1.2.0-rc01] AndroidManifest.xml:37:13-35
218            android:exported="false"
218-->[androidx.credentials:credentials-play-services-auth:1.2.0-rc01] AndroidManifest.xml:38:13-37
219            android:fitsSystemWindows="true"
219-->[androidx.credentials:credentials-play-services-auth:1.2.0-rc01] AndroidManifest.xml:39:13-45
220            android:theme="@style/Theme.Hidden" >
220-->[androidx.credentials:credentials-play-services-auth:1.2.0-rc01] AndroidManifest.xml:40:13-48
221        </activity>
222        <activity
222-->[com.google.android.gms:play-services-auth:20.7.0] AndroidManifest.xml:23:9-27:75
223            android:name="com.google.android.gms.auth.api.signin.internal.SignInHubActivity"
223-->[com.google.android.gms:play-services-auth:20.7.0] AndroidManifest.xml:24:13-93
224            android:excludeFromRecents="true"
224-->[com.google.android.gms:play-services-auth:20.7.0] AndroidManifest.xml:25:13-46
225            android:exported="false"
225-->[com.google.android.gms:play-services-auth:20.7.0] AndroidManifest.xml:26:13-37
226            android:theme="@android:style/Theme.Translucent.NoTitleBar" />
226-->[com.google.android.gms:play-services-auth:20.7.0] AndroidManifest.xml:27:13-72
227        <!--
228            Service handling Google Sign-In user revocation. For apps that do not integrate with
229            Google Sign-In, this service will never be started.
230        -->
231        <service
231-->[com.google.android.gms:play-services-auth:20.7.0] AndroidManifest.xml:33:9-37:51
232            android:name="com.google.android.gms.auth.api.signin.RevocationBoundService"
232-->[com.google.android.gms:play-services-auth:20.7.0] AndroidManifest.xml:34:13-89
233            android:exported="true"
233-->[com.google.android.gms:play-services-auth:20.7.0] AndroidManifest.xml:35:13-36
234            android:permission="com.google.android.gms.auth.api.signin.permission.REVOCATION_NOTIFICATION"
234-->[com.google.android.gms:play-services-auth:20.7.0] AndroidManifest.xml:36:13-107
235            android:visibleToInstantApps="true" />
235-->[com.google.android.gms:play-services-auth:20.7.0] AndroidManifest.xml:37:13-48
236
237        <uses-library
237-->[androidx.window:window:1.0.0] AndroidManifest.xml:25:9-27:40
238            android:name="androidx.window.extensions"
238-->[androidx.window:window:1.0.0] AndroidManifest.xml:26:13-54
239            android:required="false" />
239-->[androidx.window:window:1.0.0] AndroidManifest.xml:27:13-37
240        <uses-library
240-->[androidx.window:window:1.0.0] AndroidManifest.xml:28:9-30:40
241            android:name="androidx.window.sidecar"
241-->[androidx.window:window:1.0.0] AndroidManifest.xml:29:13-51
242            android:required="false" />
242-->[androidx.window:window:1.0.0] AndroidManifest.xml:30:13-37
243        <uses-library
243-->[androidx.privacysandbox.ads:ads-adservices:1.1.0-beta11] AndroidManifest.xml:23:9-25:40
244            android:name="android.ext.adservices"
244-->[androidx.privacysandbox.ads:ads-adservices:1.1.0-beta11] AndroidManifest.xml:24:13-50